<?xml version="1.0" encoding="utf-8"?><testsuites><testsuite name="pytest" errors="0" failures="0" skipped="0" tests="6" time="0.104" timestamp="2025-05-02T00:57:43.633055-03:00" hostname="DESKTOP-QNEU5FQ"><testcase classname="tests.test_bytebank.TestClass" name="test_born_date_13_10_2000_must_return_25" time="0.003" /><testcase classname="tests.test_bytebank.TestClass" name="test_salario_100000_deve_resultar_em_90000" time="0.001" /><testcase classname="tests.test_bytebank.TestClass" name="test_calcular_bonus_recebe_100000_deve_retornar_exception" time="0.001" /><testcase classname="tests.test_bytebank.TestClass" name="test_print_atributo_str_da_classe" time="0.001" /><testcase classname="tests.test_bytebank.TestClass" name="test_retorna_nome" time="0.001" /><testcase classname="tests.test_bytebank.TestClass" name="test_caso_comum_de_bonus" time="0.001" /></testsuite></testsuites>